<?xml version="1.0" encoding="UTF-8"?>
<testsuite name="WadrobeTest" tests="1" skipped="0" failures="0" errors="0" timestamp="2020-11-11T07:48:38" hostname="SQ-LENOVO" time="0.067">
  <properties/>
  <testcase name="queryCombinations_success" classname="WadrobeTest" time="0.067"/>
  <system-out><![CDATA[These are all possible combinations of wadrobe elements that fit the wall of size 250cm:
50cm: 5 piece(s), 75cm: 0 piece(s), 100cm: 0 piece(s), 120cm: 0 piece(s)
50cm: 3 piece(s), 75cm: 0 piece(s), 100cm: 1 piece(s), 120cm: 0 piece(s)
50cm: 2 piece(s), 75cm: 2 piece(s), 100cm: 0 piece(s), 120cm: 0 piece(s)
50cm: 1 piece(s), 75cm: 0 piece(s), 100cm: 2 piece(s), 120cm: 0 piece(s)
50cm: 0 piece(s), 75cm: 2 piece(s), 100cm: 1 piece(s), 120cm: 0 piece(s)
]]></system-out>
  <system-err><![CDATA[]]></system-err>
</testsuite>
