<?xml version="1.0" encoding="UTF-8"?>
<testsuite name="HelloWorldTest" tests="1" skipped="0" failures="0" errors="0" timestamp="2020-11-11T06:23:16" hostname="SQ-LENOVO" time="0.002">
  <properties/>
  <testcase name="shouldSayHelloWorld" classname="HelloWorldTest" time="0.002"/>
  <system-out><![CDATA[]]></system-out>
  <system-err><![CDATA[]]></system-err>
</testsuite>
