<?xml version="1.0" encoding="UTF-8"?>
<testsuite name="WadrobeTest" tests="1" skipped="0" failures="1" errors="0" timestamp="2020-11-11T07:55:44" hostname="SQ-LENOVO" time="0.044">
  <properties/>
  <testcase name="queryCombinations_failure" classname="WadrobeTest" time="0.044">
    <failure message="java.lang.StackOverflowError" type="java.lang.StackOverflowError">java.lang.StackOverflowError
	at java.base/java.util.ArrayList.addAll(ArrayList.java:701)
	at Wadrobe.combinationsUtil(Wadrobe.java:38)
	at Wadrobe.combinationsUtil(Wadrobe.java:40)
	at Wadrobe.combinationsUtil(Wadrobe.java:40)
	at Wadrobe.combinationsUtil(Wadrobe.java:40)
	at Wadrobe.combinationsUtil(Wadrobe.java:40)
	at Wadrobe.combinationsUtil(Wadrobe.java:40)
	at Wadrobe.combinationsUtil(Wadrobe.java:40)
	at Wadrobe.combinationsUtil(Wadrobe.java:40)
	at Wadrobe.combinationsUtil(Wadrobe.java:40)
	at Wadrobe.combinationsUtil(Wadrobe.java:40)
	at Wadrobe.combinationsUtil(Wadrobe.java:40)
	at Wadrobe.combinationsUtil(Wadrobe.java:40)
	at Wadrobe.combinationsUtil(Wadrobe.java:40)
	at Wadrobe.combinationsUtil(Wadrobe.java:40)
	at Wadrobe.combinationsUtil(Wadrobe.java:40)
	at Wadrobe.combinationsUtil(Wadrobe.java:40)
	at Wadrobe.combinationsUtil(Wadrobe.java:40)
	at Wadrobe.combinationsUtil(Wadrobe.java:40)
	at Wadrobe.combinationsUtil(Wadrobe.java:40)
	at Wadrobe.combinationsUtil(Wadrobe.java:40)
	at Wadrobe.combinationsUtil(Wadrobe.java:40)
	at Wadrobe.combinationsUtil(Wadrobe.java:40)
	at Wadrobe.combinationsUtil(Wadrobe.java:40)
	at Wadrobe.combinationsUtil(Wadrobe.java:40)
	at Wadrobe.combinationsUtil(Wadrobe.java:40)
	at Wadrobe.combinationsUtil(Wadrobe.java:40)
	at Wadrobe.combinationsUtil(Wadrobe.java:40)
	at Wadrobe.combinationsUtil(Wadrobe.java:40)
	at Wadrobe.combinationsUtil(Wadrobe.java:40)
	at Wadrobe.combinationsUtil(Wadrobe.java:40)
	at Wadrobe.combinationsUtil(Wadrobe.java:40)
	at Wadrobe.combinationsUtil(Wadrobe.java:40)
	at Wadrobe.combinationsUtil(Wadrobe.java:40)
	at Wadrobe.combinationsUtil(Wadrobe.java:40)
	at Wadrobe.combinationsUtil(Wadrobe.java:40)
	at Wadrobe.combinationsUtil(Wadrobe.java:40)
	at Wadrobe.combinationsUtil(Wadrobe.java:40)
	at Wadrobe.combinationsUtil(Wadrobe.java:40)
	at Wadrobe.combinationsUtil(Wadrobe.java:40)
	at Wadrobe.combinationsUtil(Wadrobe.java:40)
	at Wadrobe.combinationsUtil(Wadrobe.java:40)
	at Wadrobe.combinationsUtil(Wadrobe.java:40)
	at Wadrobe.combinationsUtil(Wadrobe.java:40)
	at Wadrobe.combinationsUtil(Wadrobe.java:40)
	at Wadrobe.combinationsUtil(Wadrobe.java:40)
	at Wadrobe.combinationsUtil(Wadrobe.java:40)
	at Wadrobe.combinationsUtil(Wadrobe.java:40)
	at Wadrobe.combinationsUtil(Wadrobe.java:40)
	at Wadrobe.combinationsUtil(Wadrobe.java:40)
	at Wadrobe.combinationsUtil(Wadrobe.java:40)
	at Wadrobe.combinationsUtil(Wadrobe.java:40)
	at Wadrobe.combinationsUtil(Wadrobe.java:40)
	at Wadrobe.combinationsUtil(Wadrobe.java:40)
	at Wadrobe.combinationsUtil(Wadrobe.java:40)
	at Wadrobe.combinationsUtil(Wadrobe.java:40)
	at Wadrobe.combinationsUtil(Wadrobe.java:40)
	at Wadrobe.combinationsUtil(Wadrobe.java:40)
	at Wadrobe.combinationsUtil(Wadrobe.java:40)
	at Wadrobe.combinationsUtil(Wadrobe.java:40)
	at Wadrobe.combinationsUtil(Wadrobe.java:40)
	at Wadrobe.combinationsUtil(Wadrobe.java:40)
	at Wadrobe.combinationsUtil(Wadrobe.java:40)
	at Wadrobe.combinationsUtil(Wadrobe.java:40)
	at Wadrobe.combinationsUtil(Wadrobe.java:40)
	at Wadrobe.combinationsUtil(Wadrobe.java:40)
	at Wadrobe.combinationsUtil(Wadrobe.java:40)
	at Wadrobe.combinationsUtil(Wadrobe.java:40)
	at Wadrobe.combinationsUtil(Wadrobe.java:40)
	at Wadrobe.combinationsUtil(Wadrobe.java:40)
	at Wadrobe.combinationsUtil(Wadrobe.java:40)
	at Wadrobe.combinationsUtil(Wadrobe.java:40)
	at Wadrobe.combinationsUtil(Wadrobe.java:40)
	at Wadrobe.combinationsUtil(Wadrobe.java:40)
	at Wadrobe.combinationsUtil(Wadrobe.java:40)
	at Wadrobe.combinationsUtil(Wadrobe.java:40)
	at Wadrobe.combinationsUtil(Wadrobe.java:40)
	at Wadrobe.combinationsUtil(Wadrobe.java:40)
	at Wadrobe.combinationsUtil(Wadrobe.java:40)
	at Wadrobe.combinationsUtil(Wadrobe.java:40)
	at Wadrobe.combinationsUtil(Wadrobe.java:40)
	at Wadrobe.combinationsUtil(Wadrobe.java:40)
	at Wadrobe.combinationsUtil(Wadrobe.java:40)
	at Wadrobe.combinationsUtil(Wadrobe.java:40)
	at Wadrobe.combinationsUtil(Wadrobe.java:40)
	at Wadrobe.combinationsUtil(Wadrobe.java:40)
	at Wadrobe.combinationsUtil(Wadrobe.java:40)
	at Wadrobe.combinationsUtil(Wadrobe.java:40)
	at Wadrobe.combinationsUtil(Wadrobe.java:40)
	at Wadrobe.combinationsUtil(Wadrobe.java:40)
	at Wadrobe.combinationsUtil(Wadrobe.java:40)
	at Wadrobe.combinationsUtil(Wadrobe.java:40)
	at Wadrobe.combinationsUtil(Wadrobe.java:40)
	at Wadrobe.combinationsUtil(Wadrobe.java:40)
	at Wadrobe.combinationsUtil(Wadrobe.java:40)
	at Wadrobe.combinationsUtil(Wadrobe.java:40)
	at Wadrobe.combinationsUtil(Wadrobe.java:40)
	at Wadrobe.combinationsUtil(Wadrobe.java:40)
	at Wadrobe.combinationsUtil(Wadrobe.java:40)
	at Wadrobe.combinationsUtil(Wadrobe.java:40)
	at Wadrobe.combinationsUtil(Wadrobe.java:40)
	at Wadrobe.combinationsUtil(Wadrobe.java:40)
	at Wadrobe.combinationsUtil(Wadrobe.java:40)
	at Wadrobe.combinationsUtil(Wadrobe.java:40)
	at Wadrobe.combinationsUtil(Wadrobe.java:40)
	at Wadrobe.combinationsUtil(Wadrobe.java:40)
	at Wadrobe.combinationsUtil(Wadrobe.java:40)
	at Wadrobe.combinationsUtil(Wadrobe.java:40)
	at Wadrobe.combinationsUtil(Wadrobe.java:40)
	at Wadrobe.combinationsUtil(Wadrobe.java:40)
	at Wadrobe.combinationsUtil(Wadrobe.java:40)
	at Wadrobe.combinationsUtil(Wadrobe.java:40)
	at Wadrobe.combinationsUtil(Wadrobe.java:40)
	at Wadrobe.combinationsUtil(Wadrobe.java:40)
	at Wadrobe.combinationsUtil(Wadrobe.java:40)
	at Wadrobe.combinationsUtil(Wadrobe.java:40)
	at Wadrobe.combinationsUtil(Wadrobe.java:40)
	at Wadrobe.combinationsUtil(Wadrobe.java:40)
	at Wadrobe.combinationsUtil(Wadrobe.java:40)
	at Wadrobe.combinationsUtil(Wadrobe.java:40)
	at Wadrobe.combinationsUtil(Wadrobe.java:40)
	at Wadrobe.combinationsUtil(Wadrobe.java:40)
	at Wadrobe.combinationsUtil(Wadrobe.java:40)
	at Wadrobe.combinationsUtil(Wadrobe.java:40)
	at Wadrobe.combinationsUtil(Wadrobe.java:40)
	at Wadrobe.combinationsUtil(Wadrobe.java:40)
	at Wadrobe.combinationsUtil(Wadrobe.java:40)
	at Wadrobe.combinationsUtil(Wadrobe.java:40)
	at Wadrobe.combinationsUtil(Wadrobe.java:40)
	at Wadrobe.combinationsUtil(Wadrobe.java:40)
	at Wadrobe.combinationsUtil(Wadrobe.java:40)
	at Wadrobe.combinationsUtil(Wadrobe.java:40)
	at Wadrobe.combinationsUtil(Wadrobe.java:40)
	at Wadrobe.combinationsUtil(Wadrobe.java:40)
	at Wadrobe.combinationsUtil(Wadrobe.java:40)
	at Wadrobe.combinationsUtil(Wadrobe.java:40)
	at Wadrobe.combinationsUtil(Wadrobe.java:40)
	at Wadrobe.combinationsUtil(Wadrobe.java:40)
	at Wadrobe.combinationsUtil(Wadrobe.java:40)
	at Wadrobe.combinationsUtil(Wadrobe.java:40)
	at Wadrobe.combinationsUtil(Wadrobe.java:40)
	at Wadrobe.combinationsUtil(Wadrobe.java:40)
	at Wadrobe.combinationsUtil(Wadrobe.java:40)
	at Wadrobe.combinationsUtil(Wadrobe.java:40)
	at Wadrobe.combinationsUtil(Wadrobe.java:40)
	at Wadrobe.combinationsUtil(Wadrobe.java:40)
	at Wadrobe.combinationsUtil(Wadrobe.java:40)
	at Wadrobe.combinationsUtil(Wadrobe.java:40)
	at Wadrobe.combinationsUtil(Wadrobe.java:40)
	at Wadrobe.combinationsUtil(Wadrobe.java:40)
	at Wadrobe.combinationsUtil(Wadrobe.java:40)
	at Wadrobe.combinationsUtil(Wadrobe.java:40)
	at Wadrobe.combinationsUtil(Wadrobe.java:40)
	at Wadrobe.combinationsUtil(Wadrobe.java:40)
	at Wadrobe.combinationsUtil(Wadrobe.java:40)
	at Wadrobe.combinationsUtil(Wadrobe.java:40)
	at Wadrobe.combinationsUtil(Wadrobe.java:40)
	at Wadrobe.combinationsUtil(Wadrobe.java:40)
	at Wadrobe.combinationsUtil(Wadrobe.java:40)
	at Wadrobe.combinationsUtil(Wadrobe.java:40)
	at Wadrobe.combinationsUtil(Wadrobe.java:40)
	at Wadrobe.combinationsUtil(Wadrobe.java:40)
	at Wadrobe.combinationsUtil(Wadrobe.java:40)
	at Wadrobe.combinationsUtil(Wadrobe.java:40)
	at Wadrobe.combinationsUtil(Wadrobe.java:40)
	at Wadrobe.combinationsUtil(Wadrobe.java:40)
	at Wadrobe.combinationsUtil(Wadrobe.java:40)
	at Wadrobe.combinationsUtil(Wadrobe.java:40)
	at Wadrobe.combinationsUtil(Wadrobe.java:40)
	at Wadrobe.combinationsUtil(Wadrobe.java:40)
	at Wadrobe.combinationsUtil(Wadrobe.java:40)
	at Wadrobe.combinationsUtil(Wadrobe.java:40)
	at Wadrobe.combinationsUtil(Wadrobe.java:40)
	at Wadrobe.combinationsUtil(Wadrobe.java:40)
	at Wadrobe.combinationsUtil(Wadrobe.java:40)
	at Wadrobe.combinationsUtil(Wadrobe.java:40)
	at Wadrobe.combinationsUtil(Wadrobe.java:40)
	at Wadrobe.combinationsUtil(Wadrobe.java:40)
	at Wadrobe.combinationsUtil(Wadrobe.java:40)
	at Wadrobe.combinationsUtil(Wadrobe.java:40)
	at Wadrobe.combinationsUtil(Wadrobe.java:40)
	at Wadrobe.combinationsUtil(Wadrobe.java:40)
	at Wadrobe.combinationsUtil(Wadrobe.java:40)
	at Wadrobe.combinationsUtil(Wadrobe.java:40)
	at Wadrobe.combinationsUtil(Wadrobe.java:40)
	at Wadrobe.combinationsUtil(Wadrobe.java:40)
	at Wadrobe.combinationsUtil(Wadrobe.java:40)
	at Wadrobe.combinationsUtil(Wadrobe.java:40)
	at Wadrobe.combinationsUtil(Wadrobe.java:40)
	at Wadrobe.combinationsUtil(Wadrobe.java:40)
	at Wadrobe.combinationsUtil(Wadrobe.java:40)
	at Wadrobe.combinationsUtil(Wadrobe.java:40)
	at Wadrobe.combinationsUtil(Wadrobe.java:40)
	at Wadrobe.combinationsUtil(Wadrobe.java:40)
	at Wadrobe.combinationsUtil(Wadrobe.java:40)
	at Wadrobe.combinationsUtil(Wadrobe.java:40)
	at Wadrobe.combinationsUtil(Wadrobe.java:40)
	at Wadrobe.combinationsUtil(Wadrobe.java:40)
	at Wadrobe.combinationsUtil(Wadrobe.java:40)
	at Wadrobe.combinationsUtil(Wadrobe.java:40)
	at Wadrobe.combinationsUtil(Wadrobe.java:40)
	at Wadrobe.combinationsUtil(Wadrobe.java:40)
	at Wadrobe.combinationsUtil(Wadrobe.java:40)
	at Wadrobe.combinationsUtil(Wadrobe.java:40)
	at Wadrobe.combinationsUtil(Wadrobe.java:40)
	at Wadrobe.combinationsUtil(Wadrobe.java:40)
	at Wadrobe.combinationsUtil(Wadrobe.java:40)
	at Wadrobe.combinationsUtil(Wadrobe.java:40)
	at Wadrobe.combinationsUtil(Wadrobe.java:40)
	at Wadrobe.combinationsUtil(Wadrobe.java:40)
	at Wadrobe.combinationsUtil(Wadrobe.java:40)
	at Wadrobe.combinationsUtil(Wadrobe.java:40)
	at Wadrobe.combinationsUtil(Wadrobe.java:40)
	at Wadrobe.combinationsUtil(Wadrobe.java:40)
	at Wadrobe.combinationsUtil(Wadrobe.java:40)
	at Wadrobe.combinationsUtil(Wadrobe.java:40)
	at Wadrobe.combinationsUtil(Wadrobe.java:40)
	at Wadrobe.combinationsUtil(Wadrobe.java:40)
	at Wadrobe.combinationsUtil(Wadrobe.java:40)
	at Wadrobe.combinationsUtil(Wadrobe.java:40)
	at Wadrobe.combinationsUtil(Wadrobe.java:40)
	at Wadrobe.combinationsUtil(Wadrobe.java:40)
	at Wadrobe.combinationsUtil(Wadrobe.java:40)
	at Wadrobe.combinationsUtil(Wadrobe.java:40)
	at Wadrobe.combinationsUtil(Wadrobe.java:40)
	at Wadrobe.combinationsUtil(Wadrobe.java:40)
	at Wadrobe.combinationsUtil(Wadrobe.java:40)
	at Wadrobe.combinationsUtil(Wadrobe.java:40)
	at Wadrobe.combinationsUtil(Wadrobe.java:40)
	at Wadrobe.combinationsUtil(Wadrobe.java:40)
	at Wadrobe.combinationsUtil(Wadrobe.java:40)
	at Wadrobe.combinationsUtil(Wadrobe.java:40)
	at Wadrobe.combinationsUtil(Wadrobe.java:40)
	at Wadrobe.combinationsUtil(Wadrobe.java:40)
	at Wadrobe.combinationsUtil(Wadrobe.java:40)
	at Wadrobe.combinationsUtil(Wadrobe.java:40)
	at Wadrobe.combinationsUtil(Wadrobe.java:40)
	at Wadrobe.combinationsUtil(Wadrobe.java:40)
	at Wadrobe.combinationsUtil(Wadrobe.java:40)
	at Wadrobe.combinationsUtil(Wadrobe.java:40)
	at Wadrobe.combinationsUtil(Wadrobe.java:40)
	at Wadrobe.combinationsUtil(Wadrobe.java:40)
	at Wadrobe.combinationsUtil(Wadrobe.java:40)
	at Wadrobe.combinationsUtil(Wadrobe.java:40)
	at Wadrobe.combinationsUtil(Wadrobe.java:40)
	at Wadrobe.combinationsUtil(Wadrobe.java:40)
	at Wadrobe.combinationsUtil(Wadrobe.java:40)
	at Wadrobe.combinationsUtil(Wadrobe.java:40)
	at Wadrobe.combinationsUtil(Wadrobe.java:40)
	at Wadrobe.combinationsUtil(Wadrobe.java:40)
	at Wadrobe.combinationsUtil(Wadrobe.java:40)
	at Wadrobe.combinationsUtil(Wadrobe.java:40)
	at Wadrobe.combinationsUtil(Wadrobe.java:40)
	at Wadrobe.combinationsUtil(Wadrobe.java:40)
	at Wadrobe.combinationsUtil(Wadrobe.java:40)
	at Wadrobe.combinationsUtil(Wadrobe.java:40)
	at Wadrobe.combinationsUtil(Wadrobe.java:40)
	at Wadrobe.combinationsUtil(Wadrobe.java:40)
	at Wadrobe.combinationsUtil(Wadrobe.java:40)
	at Wadrobe.combinationsUtil(Wadrobe.java:40)
	at Wadrobe.combinationsUtil(Wadrobe.java:40)
	at Wadrobe.combinationsUtil(Wadrobe.java:40)
	at Wadrobe.combinationsUtil(Wadrobe.java:40)
	at Wadrobe.combinationsUtil(Wadrobe.java:40)
	at Wadrobe.combinationsUtil(Wadrobe.java:40)
	at Wadrobe.combinationsUtil(Wadrobe.java:40)
	at Wadrobe.combinationsUtil(Wadrobe.java:40)
	at Wadrobe.combinationsUtil(Wadrobe.java:40)
	at Wadrobe.combinationsUtil(Wadrobe.java:40)
	at Wadrobe.combinationsUtil(Wadrobe.java:40)
	at Wadrobe.combinationsUtil(Wadrobe.java:40)
	at Wadrobe.combinationsUtil(Wadrobe.java:40)
	at Wadrobe.combinationsUtil(Wadrobe.java:40)
	at Wadrobe.combinationsUtil(Wadrobe.java:40)
	at Wadrobe.combinationsUtil(Wadrobe.java:40)
	at Wadrobe.combinationsUtil(Wadrobe.java:40)
	at Wadrobe.combinationsUtil(Wadrobe.java:40)
	at Wadrobe.combinationsUtil(Wadrobe.java:40)
	at Wadrobe.combinationsUtil(Wadrobe.java:40)
	at Wadrobe.combinationsUtil(Wadrobe.java:40)
	at Wadrobe.combinationsUtil(Wadrobe.java:40)
	at Wadrobe.combinationsUtil(Wadrobe.java:40)
	at Wadrobe.combinationsUtil(Wadrobe.java:40)
	at Wadrobe.combinationsUtil(Wadrobe.java:40)
	at Wadrobe.combinationsUtil(Wadrobe.java:40)
	at Wadrobe.combinationsUtil(Wadrobe.java:40)
	at Wadrobe.combinationsUtil(Wadrobe.java:40)
	at Wadrobe.combinationsUtil(Wadrobe.java:40)
	at Wadrobe.combinationsUtil(Wadrobe.java:40)
	at Wadrobe.combinationsUtil(Wadrobe.java:40)
	at Wadrobe.combinationsUtil(Wadrobe.java:40)
	at Wadrobe.combinationsUtil(Wadrobe.java:40)
	at Wadrobe.combinationsUtil(Wadrobe.java:40)
	at Wadrobe.combinationsUtil(Wadrobe.java:40)
	at Wadrobe.combinationsUtil(Wadrobe.java:40)
	at Wadrobe.combinationsUtil(Wadrobe.java:40)
	at Wadrobe.combinationsUtil(Wadrobe.java:40)
	at Wadrobe.combinationsUtil(Wadrobe.java:40)
	at Wadrobe.combinationsUtil(Wadrobe.java:40)
	at Wadrobe.combinationsUtil(Wadrobe.java:40)
	at Wadrobe.combinationsUtil(Wadrobe.java:40)
	at Wadrobe.combinationsUtil(Wadrobe.java:40)
	at Wadrobe.combinationsUtil(Wadrobe.java:40)
	at Wadrobe.combinationsUtil(Wadrobe.java:40)
	at Wadrobe.combinationsUtil(Wadrobe.java:40)
	at Wadrobe.combinationsUtil(Wadrobe.java:40)
	at Wadrobe.combinationsUtil(Wadrobe.java:40)
	at Wadrobe.combinationsUtil(Wadrobe.java:40)
	at Wadrobe.combinationsUtil(Wadrobe.java:40)
	at Wadrobe.combinationsUtil(Wadrobe.java:40)
	at Wadrobe.combinationsUtil(Wadrobe.java:40)
	at Wadrobe.combinationsUtil(Wadrobe.java:40)
	at Wadrobe.combinationsUtil(Wadrobe.java:40)
	at Wadrobe.combinationsUtil(Wadrobe.java:40)
	at Wadrobe.combinationsUtil(Wadrobe.java:40)
	at Wadrobe.combinationsUtil(Wadrobe.java:40)
	at Wadrobe.combinationsUtil(Wadrobe.java:40)
	at Wadrobe.combinationsUtil(Wadrobe.java:40)
	at Wadrobe.combinationsUtil(Wadrobe.java:40)
	at Wadrobe.combinationsUtil(Wadrobe.java:40)
	at Wadrobe.combinationsUtil(Wadrobe.java:40)
	at Wadrobe.combinationsUtil(Wadrobe.java:40)
	at Wadrobe.combinationsUtil(Wadrobe.java:40)
	at Wadrobe.combinationsUtil(Wadrobe.java:40)
	at Wadrobe.combinationsUtil(Wadrobe.java:40)
	at Wadrobe.combinationsUtil(Wadrobe.java:40)
	at Wadrobe.combinationsUtil(Wadrobe.java:40)
	at Wadrobe.combinationsUtil(Wadrobe.java:40)
	at Wadrobe.combinationsUtil(Wadrobe.java:40)
	at Wadrobe.combinationsUtil(Wadrobe.java:40)
	at Wadrobe.combinationsUtil(Wadrobe.java:40)
	at Wadrobe.combinationsUtil(Wadrobe.java:40)
	at Wadrobe.combinationsUtil(Wadrobe.java:40)
	at Wadrobe.combinationsUtil(Wadrobe.java:40)
	at Wadrobe.combinationsUtil(Wadrobe.java:40)
	at Wadrobe.combinationsUtil(Wadrobe.java:40)
	at Wadrobe.combinationsUtil(Wadrobe.java:40)
	at Wadrobe.combinationsUtil(Wadrobe.java:40)
	at Wadrobe.combinationsUtil(Wadrobe.java:40)
	at Wadrobe.combinationsUtil(Wadrobe.java:40)
	at Wadrobe.combinationsUtil(Wadrobe.java:40)
	at Wadrobe.combinationsUtil(Wadrobe.java:40)
	at Wadrobe.combinationsUtil(Wadrobe.java:40)
	at Wadrobe.combinationsUtil(Wadrobe.java:40)
	at Wadrobe.combinationsUtil(Wadrobe.java:40)
	at Wadrobe.combinationsUtil(Wadrobe.java:40)
	at Wadrobe.combinationsUtil(Wadrobe.java:40)
	at Wadrobe.combinationsUtil(Wadrobe.java:40)
	at Wadrobe.combinationsUtil(Wadrobe.java:40)
	at Wadrobe.combinationsUtil(Wadrobe.java:40)
	at Wadrobe.combinationsUtil(Wadrobe.java:40)
	at Wadrobe.combinationsUtil(Wadrobe.java:40)
	at Wadrobe.combinationsUtil(Wadrobe.java:40)
	at Wadrobe.combinationsUtil(Wadrobe.java:40)
	at Wadrobe.combinationsUtil(Wadrobe.java:40)
	at Wadrobe.combinationsUtil(Wadrobe.java:40)
	at Wadrobe.combinationsUtil(Wadrobe.java:40)
	at Wadrobe.combinationsUtil(Wadrobe.java:40)
	at Wadrobe.combinationsUtil(Wadrobe.java:40)
	at Wadrobe.combinationsUtil(Wadrobe.java:40)
	at Wadrobe.combinationsUtil(Wadrobe.java:40)
	at Wadrobe.combinationsUtil(Wadrobe.java:40)
	at Wadrobe.combinationsUtil(Wadrobe.java:40)
	at Wadrobe.combinationsUtil(Wadrobe.java:40)
	at Wadrobe.combinationsUtil(Wadrobe.java:40)
	at Wadrobe.combinationsUtil(Wadrobe.java:40)
	at Wadrobe.combinationsUtil(Wadrobe.java:40)
	at Wadrobe.combinationsUtil(Wadrobe.java:40)
	at Wadrobe.combinationsUtil(Wadrobe.java:40)
	at Wadrobe.combinationsUtil(Wadrobe.java:40)
	at Wadrobe.combinationsUtil(Wadrobe.java:40)
	at Wadrobe.combinationsUtil(Wadrobe.java:40)
	at Wadrobe.combinationsUtil(Wadrobe.java:40)
	at Wadrobe.combinationsUtil(Wadrobe.java:40)
	at Wadrobe.combinationsUtil(Wadrobe.java:40)
	at Wadrobe.combinationsUtil(Wadrobe.java:40)
	at Wadrobe.combinationsUtil(Wadrobe.java:40)
	at Wadrobe.combinationsUtil(Wadrobe.java:40)
	at Wadrobe.combinationsUtil(Wadrobe.java:40)
	at Wadrobe.combinationsUtil(Wadrobe.java:40)
	at Wadrobe.combinationsUtil(Wadrobe.java:40)
	at Wadrobe.combinationsUtil(Wadrobe.java:40)
	at Wadrobe.combinationsUtil(Wadrobe.java:40)
	at Wadrobe.combinationsUtil(Wadrobe.java:40)
	at Wadrobe.combinationsUtil(Wadrobe.java:40)
	at Wadrobe.combinationsUtil(Wadrobe.java:40)
	at Wadrobe.combinationsUtil(Wadrobe.java:40)
	at Wadrobe.combinationsUtil(Wadrobe.java:40)
	at Wadrobe.combinationsUtil(Wadrobe.java:40)
	at Wadrobe.combinationsUtil(Wadrobe.java:40)
	at Wadrobe.combinationsUtil(Wadrobe.java:40)
	at Wadrobe.combinationsUtil(Wadrobe.java:40)
	at Wadrobe.combinationsUtil(Wadrobe.java:40)
	at Wadrobe.combinationsUtil(Wadrobe.java:40)
	at Wadrobe.combinationsUtil(Wadrobe.java:40)
	at Wadrobe.combinationsUtil(Wadrobe.java:40)
	at Wadrobe.combinationsUtil(Wadrobe.java:40)
	at Wadrobe.combinationsUtil(Wadrobe.java:40)
	at Wadrobe.combinationsUtil(Wadrobe.java:40)
	at Wadrobe.combinationsUtil(Wadrobe.java:40)
	at Wadrobe.combinationsUtil(Wadrobe.java:40)
	at Wadrobe.combinationsUtil(Wadrobe.java:40)
	at Wadrobe.combinationsUtil(Wadrobe.java:40)
	at Wadrobe.combinationsUtil(Wadrobe.java:40)
	at Wadrobe.combinationsUtil(Wadrobe.java:40)
	at Wadrobe.combinationsUtil(Wadrobe.java:40)
	at Wadrobe.combinationsUtil(Wadrobe.java:40)
	at Wadrobe.combinationsUtil(Wadrobe.java:40)
	at Wadrobe.combinationsUtil(Wadrobe.java:40)
	at Wadrobe.combinationsUtil(Wadrobe.java:40)
	at Wadrobe.combinationsUtil(Wadrobe.java:40)
	at Wadrobe.combinationsUtil(Wadrobe.java:40)
	at Wadrobe.combinationsUtil(Wadrobe.java:40)
	at Wadrobe.combinationsUtil(Wadrobe.java:40)
	at Wadrobe.combinationsUtil(Wadrobe.java:40)
	at Wadrobe.combinationsUtil(Wadrobe.java:40)
	at Wadrobe.combinationsUtil(Wadrobe.java:40)
	at Wadrobe.combinationsUtil(Wadrobe.java:40)
	at Wadrobe.combinationsUtil(Wadrobe.java:40)
	at Wadrobe.combinationsUtil(Wadrobe.java:40)
	at Wadrobe.combinationsUtil(Wadrobe.java:40)
	at Wadrobe.combinationsUtil(Wadrobe.java:40)
	at Wadrobe.combinationsUtil(Wadrobe.java:40)
	at Wadrobe.combinationsUtil(Wadrobe.java:40)
	at Wadrobe.combinationsUtil(Wadrobe.java:40)
	at Wadrobe.combinationsUtil(Wadrobe.java:40)
	at Wadrobe.combinationsUtil(Wadrobe.java:40)
	at Wadrobe.combinationsUtil(Wadrobe.java:40)
	at Wadrobe.combinationsUtil(Wadrobe.java:40)
	at Wadrobe.combinationsUtil(Wadrobe.java:40)
	at Wadrobe.combinationsUtil(Wadrobe.java:40)
	at Wadrobe.combinationsUtil(Wadrobe.java:40)
	at Wadrobe.combinationsUtil(Wadrobe.java:40)
	at Wadrobe.combinationsUtil(Wadrobe.java:40)
	at Wadrobe.combinationsUtil(Wadrobe.java:40)
	at Wadrobe.combinationsUtil(Wadrobe.java:40)
	at Wadrobe.combinationsUtil(Wadrobe.java:40)
	at Wadrobe.combinationsUtil(Wadrobe.java:40)
	at Wadrobe.combinationsUtil(Wadrobe.java:40)
	at Wadrobe.combinationsUtil(Wadrobe.java:40)
	at Wadrobe.combinationsUtil(Wadrobe.java:40)
	at Wadrobe.combinationsUtil(Wadrobe.java:40)
	at Wadrobe.combinationsUtil(Wadrobe.java:40)
	at Wadrobe.combinationsUtil(Wadrobe.java:40)
	at Wadrobe.combinationsUtil(Wadrobe.java:40)
	at Wadrobe.combinationsUtil(Wadrobe.java:40)
	at Wadrobe.combinationsUtil(Wadrobe.java:40)
	at Wadrobe.combinationsUtil(Wadrobe.java:40)
	at Wadrobe.combinationsUtil(Wadrobe.java:40)
	at Wadrobe.combinationsUtil(Wadrobe.java:40)
	at Wadrobe.combinationsUtil(Wadrobe.java:40)
	at Wadrobe.combinationsUtil(Wadrobe.java:40)
	at Wadrobe.combinationsUtil(Wadrobe.java:40)
	at Wadrobe.combinationsUtil(Wadrobe.java:40)
	at Wadrobe.combinationsUtil(Wadrobe.java:40)
	at Wadrobe.combinationsUtil(Wadrobe.java:40)
	at Wadrobe.combinationsUtil(Wadrobe.java:40)
	at Wadrobe.combinationsUtil(Wadrobe.java:40)
	at Wadrobe.combinationsUtil(Wadrobe.java:40)
	at Wadrobe.combinationsUtil(Wadrobe.java:40)
	at Wadrobe.combinationsUtil(Wadrobe.java:40)
	at Wadrobe.combinationsUtil(Wadrobe.java:40)
	at Wadrobe.combinationsUtil(Wadrobe.java:40)
	at Wadrobe.combinationsUtil(Wadrobe.java:40)
	at Wadrobe.combinationsUtil(Wadrobe.java:40)
	at Wadrobe.combinationsUtil(Wadrobe.java:40)
	at Wadrobe.combinationsUtil(Wadrobe.java:40)
	at Wadrobe.combinationsUtil(Wadrobe.java:40)
	at Wadrobe.combinationsUtil(Wadrobe.java:40)
	at Wadrobe.combinationsUtil(Wadrobe.java:40)
	at Wadrobe.combinationsUtil(Wadrobe.java:40)
	at Wadrobe.combinationsUtil(Wadrobe.java:40)
	at Wadrobe.combinationsUtil(Wadrobe.java:40)
	at Wadrobe.combinationsUtil(Wadrobe.java:40)
	at Wadrobe.combinationsUtil(Wadrobe.java:40)
	at Wadrobe.combinationsUtil(Wadrobe.java:40)
	at Wadrobe.combinationsUtil(Wadrobe.java:40)
	at Wadrobe.combinationsUtil(Wadrobe.java:40)
	at Wadrobe.combinationsUtil(Wadrobe.java:40)
	at Wadrobe.combinationsUtil(Wadrobe.java:40)
	at Wadrobe.combinationsUtil(Wadrobe.java:40)
	at Wadrobe.combinationsUtil(Wadrobe.java:40)
	at Wadrobe.combinationsUtil(Wadrobe.java:40)
	at Wadrobe.combinationsUtil(Wadrobe.java:40)
	at Wadrobe.combinationsUtil(Wadrobe.java:40)
	at Wadrobe.combinationsUtil(Wadrobe.java:40)
	at Wadrobe.combinationsUtil(Wadrobe.java:40)
	at Wadrobe.combinationsUtil(Wadrobe.java:40)
	at Wadrobe.combinationsUtil(Wadrobe.java:40)
	at Wadrobe.combinationsUtil(Wadrobe.java:40)
	at Wadrobe.combinationsUtil(Wadrobe.java:40)
	at Wadrobe.combinationsUtil(Wadrobe.java:40)
	at Wadrobe.combinationsUtil(Wadrobe.java:40)
	at Wadrobe.combinationsUtil(Wadrobe.java:40)
	at Wadrobe.combinationsUtil(Wadrobe.java:40)
	at Wadrobe.combinationsUtil(Wadrobe.java:40)
	at Wadrobe.combinationsUtil(Wadrobe.java:40)
	at Wadrobe.combinationsUtil(Wadrobe.java:40)
	at Wadrobe.combinationsUtil(Wadrobe.java:40)
	at Wadrobe.combinationsUtil(Wadrobe.java:40)
	at Wadrobe.combinationsUtil(Wadrobe.java:40)
	at Wadrobe.combinationsUtil(Wadrobe.java:40)
	at Wadrobe.combinationsUtil(Wadrobe.java:40)
	at Wadrobe.combinationsUtil(Wadrobe.java:40)
	at Wadrobe.combinationsUtil(Wadrobe.java:40)
	at Wadrobe.combinationsUtil(Wadrobe.java:40)
	at Wadrobe.combinationsUtil(Wadrobe.java:40)
	at Wadrobe.combinationsUtil(Wadrobe.java:40)
	at Wadrobe.combinationsUtil(Wadrobe.java:40)
	at Wadrobe.combinationsUtil(Wadrobe.java:40)
	at Wadrobe.combinationsUtil(Wadrobe.java:40)
	at Wadrobe.combinationsUtil(Wadrobe.java:40)
	at Wadrobe.combinationsUtil(Wadrobe.java:40)
	at Wadrobe.combinationsUtil(Wadrobe.java:40)
	at Wadrobe.combinationsUtil(Wadrobe.java:40)
	at Wadrobe.combinationsUtil(Wadrobe.java:40)
	at Wadrobe.combinationsUtil(Wadrobe.java:40)
	at Wadrobe.combinationsUtil(Wadrobe.java:40)
	at Wadrobe.combinationsUtil(Wadrobe.java:40)
	at Wadrobe.combinationsUtil(Wadrobe.java:40)
	at Wadrobe.combinationsUtil(Wadrobe.java:40)
	at Wadrobe.combinationsUtil(Wadrobe.java:40)
	at Wadrobe.combinationsUtil(Wadrobe.java:40)
	at Wadrobe.combinationsUtil(Wadrobe.java:40)
	at Wadrobe.combinationsUtil(Wadrobe.java:40)
	at Wadrobe.combinationsUtil(Wadrobe.java:40)
	at Wadrobe.combinationsUtil(Wadrobe.java:40)
	at Wadrobe.combinationsUtil(Wadrobe.java:40)
	at Wadrobe.combinationsUtil(Wadrobe.java:40)
	at Wadrobe.combinationsUtil(Wadrobe.java:40)
	at Wadrobe.combinationsUtil(Wadrobe.java:40)
	at Wadrobe.combinationsUtil(Wadrobe.java:40)
	at Wadrobe.combinationsUtil(Wadrobe.java:40)
	at Wadrobe.combinationsUtil(Wadrobe.java:40)
	at Wadrobe.combinationsUtil(Wadrobe.java:40)
	at Wadrobe.combinationsUtil(Wadrobe.java:40)
	at Wadrobe.combinationsUtil(Wadrobe.java:40)
	at Wadrobe.combinationsUtil(Wadrobe.java:40)
	at Wadrobe.combinationsUtil(Wadrobe.java:40)
	at Wadrobe.combinationsUtil(Wadrobe.java:40)
	at Wadrobe.combinationsUtil(Wadrobe.java:40)
	at Wadrobe.combinationsUtil(Wadrobe.java:40)
	at Wadrobe.combinationsUtil(Wadrobe.java:40)
	at Wadrobe.combinationsUtil(Wadrobe.java:40)
	at Wadrobe.combinationsUtil(Wadrobe.java:40)
	at Wadrobe.combinationsUtil(Wadrobe.java:40)
	at Wadrobe.combinationsUtil(Wadrobe.java:40)
	at Wadrobe.combinationsUtil(Wadrobe.java:40)
	at Wadrobe.combinationsUtil(Wadrobe.java:40)
	at Wadrobe.combinationsUtil(Wadrobe.java:40)
	at Wadrobe.combinationsUtil(Wadrobe.java:40)
	at Wadrobe.combinationsUtil(Wadrobe.java:40)
	at Wadrobe.combinationsUtil(Wadrobe.java:40)
	at Wadrobe.combinationsUtil(Wadrobe.java:40)
	at Wadrobe.combinationsUtil(Wadrobe.java:40)
	at Wadrobe.combinationsUtil(Wadrobe.java:40)
	at Wadrobe.combinationsUtil(Wadrobe.java:40)
	at Wadrobe.combinationsUtil(Wadrobe.java:40)
	at Wadrobe.combinationsUtil(Wadrobe.java:40)
	at Wadrobe.combinationsUtil(Wadrobe.java:40)
	at Wadrobe.combinationsUtil(Wadrobe.java:40)
	at Wadrobe.combinationsUtil(Wadrobe.java:40)
	at Wadrobe.combinationsUtil(Wadrobe.java:40)
	at Wadrobe.combinationsUtil(Wadrobe.java:40)
	at Wadrobe.combinationsUtil(Wadrobe.java:40)
	at Wadrobe.combinationsUtil(Wadrobe.java:40)
	at Wadrobe.combinationsUtil(Wadrobe.java:40)
	at Wadrobe.combinationsUtil(Wadrobe.java:40)
	at Wadrobe.combinationsUtil(Wadrobe.java:40)
	at Wadrobe.combinationsUtil(Wadrobe.java:40)
	at Wadrobe.combinationsUtil(Wadrobe.java:40)
	at Wadrobe.combinationsUtil(Wadrobe.java:40)
	at Wadrobe.combinationsUtil(Wadrobe.java:40)
	at Wadrobe.combinationsUtil(Wadrobe.java:40)
	at Wadrobe.combinationsUtil(Wadrobe.java:40)
	at Wadrobe.combinationsUtil(Wadrobe.java:40)
	at Wadrobe.combinationsUtil(Wadrobe.java:40)
	at Wadrobe.combinationsUtil(Wadrobe.java:40)
	at Wadrobe.combinationsUtil(Wadrobe.java:40)
	at Wadrobe.combinationsUtil(Wadrobe.java:40)
	at Wadrobe.combinationsUtil(Wadrobe.java:40)
	at Wadrobe.combinationsUtil(Wadrobe.java:40)
	at Wadrobe.combinationsUtil(Wadrobe.java:40)
	at Wadrobe.combinationsUtil(Wadrobe.java:40)
	at Wadrobe.combinationsUtil(Wadrobe.java:40)
	at Wadrobe.combinationsUtil(Wadrobe.java:40)
	at Wadrobe.combinationsUtil(Wadrobe.java:40)
	at Wadrobe.combinationsUtil(Wadrobe.java:40)
	at Wadrobe.combinationsUtil(Wadrobe.java:40)
	at Wadrobe.combinationsUtil(Wadrobe.java:40)
	at Wadrobe.combinationsUtil(Wadrobe.java:40)
	at Wadrobe.combinationsUtil(Wadrobe.java:40)
	at Wadrobe.combinationsUtil(Wadrobe.java:40)
	at Wadrobe.combinationsUtil(Wadrobe.java:40)
	at Wadrobe.combinationsUtil(Wadrobe.java:40)
	at Wadrobe.combinationsUtil(Wadrobe.java:40)
	at Wadrobe.combinationsUtil(Wadrobe.java:40)
	at Wadrobe.combinationsUtil(Wadrobe.java:40)
	at Wadrobe.combinationsUtil(Wadrobe.java:40)
	at Wadrobe.combinationsUtil(Wadrobe.java:40)
	at Wadrobe.combinationsUtil(Wadrobe.java:40)
	at Wadrobe.combinationsUtil(Wadrobe.java:40)
	at Wadrobe.combinationsUtil(Wadrobe.java:40)
	at Wadrobe.combinationsUtil(Wadrobe.java:40)
	at Wadrobe.combinationsUtil(Wadrobe.java:40)
	at Wadrobe.combinationsUtil(Wadrobe.java:40)
	at Wadrobe.combinationsUtil(Wadrobe.java:40)
	at Wadrobe.combinationsUtil(Wadrobe.java:40)
	at Wadrobe.combinationsUtil(Wadrobe.java:40)
	at Wadrobe.combinationsUtil(Wadrobe.java:40)
	at Wadrobe.combinationsUtil(Wadrobe.java:40)
	at Wadrobe.combinationsUtil(Wadrobe.java:40)
	at Wadrobe.combinationsUtil(Wadrobe.java:40)
	at Wadrobe.combinationsUtil(Wadrobe.java:40)
	at Wadrobe.combinationsUtil(Wadrobe.java:40)
	at Wadrobe.combinationsUtil(Wadrobe.java:40)
	at Wadrobe.combinationsUtil(Wadrobe.java:40)
	at Wadrobe.combinationsUtil(Wadrobe.java:40)
	at Wadrobe.combinationsUtil(Wadrobe.java:40)
	at Wadrobe.combinationsUtil(Wadrobe.java:40)
	at Wadrobe.combinationsUtil(Wadrobe.java:40)
	at Wadrobe.combinationsUtil(Wadrobe.java:40)
	at Wadrobe.combinationsUtil(Wadrobe.java:40)
	at Wadrobe.combinationsUtil(Wadrobe.java:40)
	at Wadrobe.combinationsUtil(Wadrobe.java:40)
	at Wadrobe.combinationsUtil(Wadrobe.java:40)
	at Wadrobe.combinationsUtil(Wadrobe.java:40)
	at Wadrobe.combinationsUtil(Wadrobe.java:40)
	at Wadrobe.combinationsUtil(Wadrobe.java:40)
	at Wadrobe.combinationsUtil(Wadrobe.java:40)
	at Wadrobe.combinationsUtil(Wadrobe.java:40)
	at Wadrobe.combinationsUtil(Wadrobe.java:40)
	at Wadrobe.combinationsUtil(Wadrobe.java:40)
	at Wadrobe.combinationsUtil(Wadrobe.java:40)
	at Wadrobe.combinationsUtil(Wadrobe.java:40)
	at Wadrobe.combinationsUtil(Wadrobe.java:40)
	at Wadrobe.combinationsUtil(Wadrobe.java:40)
	at Wadrobe.combinationsUtil(Wadrobe.java:40)
	at Wadrobe.combinationsUtil(Wadrobe.java:40)
	at Wadrobe.combinationsUtil(Wadrobe.java:40)
	at Wadrobe.combinationsUtil(Wadrobe.java:40)
	at Wadrobe.combinationsUtil(Wadrobe.java:40)
	at Wadrobe.combinationsUtil(Wadrobe.java:40)
	at Wadrobe.combinationsUtil(Wadrobe.java:40)
	at Wadrobe.combinationsUtil(Wadrobe.java:40)
	at Wadrobe.combinationsUtil(Wadrobe.java:40)
	at Wadrobe.combinationsUtil(Wadrobe.java:40)
	at Wadrobe.combinationsUtil(Wadrobe.java:40)
	at Wadrobe.combinationsUtil(Wadrobe.java:40)
	at Wadrobe.combinationsUtil(Wadrobe.java:40)
	at Wadrobe.combinationsUtil(Wadrobe.java:40)
	at Wadrobe.combinationsUtil(Wadrobe.java:40)
	at Wadrobe.combinationsUtil(Wadrobe.java:40)
	at Wadrobe.combinationsUtil(Wadrobe.java:40)
	at Wadrobe.combinationsUtil(Wadrobe.java:40)
	at Wadrobe.combinationsUtil(Wadrobe.java:40)
	at Wadrobe.combinationsUtil(Wadrobe.java:40)
	at Wadrobe.combinationsUtil(Wadrobe.java:40)
	at Wadrobe.combinationsUtil(Wadrobe.java:40)
	at Wadrobe.combinationsUtil(Wadrobe.java:40)
	at Wadrobe.combinationsUtil(Wadrobe.java:40)
	at Wadrobe.combinationsUtil(Wadrobe.java:40)
	at Wadrobe.combinationsUtil(Wadrobe.java:40)
	at Wadrobe.combinationsUtil(Wadrobe.java:40)
	at Wadrobe.combinationsUtil(Wadrobe.java:40)
	at Wadrobe.combinationsUtil(Wadrobe.java:40)
	at Wadrobe.combinationsUtil(Wadrobe.java:40)
	at Wadrobe.combinationsUtil(Wadrobe.java:40)
	at Wadrobe.combinationsUtil(Wadrobe.java:40)
	at Wadrobe.combinationsUtil(Wadrobe.java:40)
	at Wadrobe.combinationsUtil(Wadrobe.java:40)
	at Wadrobe.combinationsUtil(Wadrobe.java:40)
	at Wadrobe.combinationsUtil(Wadrobe.java:40)
	at Wadrobe.combinationsUtil(Wadrobe.java:40)
	at Wadrobe.combinationsUtil(Wadrobe.java:40)
	at Wadrobe.combinationsUtil(Wadrobe.java:40)
	at Wadrobe.combinationsUtil(Wadrobe.java:40)
	at Wadrobe.combinationsUtil(Wadrobe.java:40)
	at Wadrobe.combinationsUtil(Wadrobe.java:40)
	at Wadrobe.combinationsUtil(Wadrobe.java:40)
	at Wadrobe.combinationsUtil(Wadrobe.java:40)
	at Wadrobe.combinationsUtil(Wadrobe.java:40)
	at Wadrobe.combinationsUtil(Wadrobe.java:40)
	at Wadrobe.combinationsUtil(Wadrobe.java:40)
	at Wadrobe.combinationsUtil(Wadrobe.java:40)
	at Wadrobe.combinationsUtil(Wadrobe.java:40)
	at Wadrobe.combinationsUtil(Wadrobe.java:40)
	at Wadrobe.combinationsUtil(Wadrobe.java:40)
	at Wadrobe.combinationsUtil(Wadrobe.java:40)
	at Wadrobe.combinationsUtil(Wadrobe.java:40)
	at Wadrobe.combinationsUtil(Wadrobe.java:40)
	at Wadrobe.combinationsUtil(Wadrobe.java:40)
	at Wadrobe.combinationsUtil(Wadrobe.java:40)
	at Wadrobe.combinationsUtil(Wadrobe.java:40)
	at Wadrobe.combinationsUtil(Wadrobe.java:40)
	at Wadrobe.combinationsUtil(Wadrobe.java:40)
	at Wadrobe.combinationsUtil(Wadrobe.java:40)
	at Wadrobe.combinationsUtil(Wadrobe.java:40)
	at Wadrobe.combinationsUtil(Wadrobe.java:40)
	at Wadrobe.combinationsUtil(Wadrobe.java:40)
	at Wadrobe.combinationsUtil(Wadrobe.java:40)
	at Wadrobe.combinationsUtil(Wadrobe.java:40)
	at Wadrobe.combinationsUtil(Wadrobe.java:40)
	at Wadrobe.combinationsUtil(Wadrobe.java:40)
	at Wadrobe.combinationsUtil(Wadrobe.java:40)
	at Wadrobe.combinationsUtil(Wadrobe.java:40)
	at Wadrobe.combinationsUtil(Wadrobe.java:40)
	at Wadrobe.combinationsUtil(Wadrobe.java:40)
	at Wadrobe.combinationsUtil(Wadrobe.java:40)
	at Wadrobe.combinationsUtil(Wadrobe.java:40)
	at Wadrobe.combinationsUtil(Wadrobe.java:40)
	at Wadrobe.combinationsUtil(Wadrobe.java:40)
	at Wadrobe.combinationsUtil(Wadrobe.java:40)
	at Wadrobe.combinationsUtil(Wadrobe.java:40)
	at Wadrobe.combinationsUtil(Wadrobe.java:40)
	at Wadrobe.combinationsUtil(Wadrobe.java:40)
	at Wadrobe.combinationsUtil(Wadrobe.java:40)
	at Wadrobe.combinationsUtil(Wadrobe.java:40)
	at Wadrobe.combinationsUtil(Wadrobe.java:40)
	at Wadrobe.combinationsUtil(Wadrobe.java:40)
	at Wadrobe.combinationsUtil(Wadrobe.java:40)
	at Wadrobe.combinationsUtil(Wadrobe.java:40)
	at Wadrobe.combinationsUtil(Wadrobe.java:40)
	at Wadrobe.combinationsUtil(Wadrobe.java:40)
	at Wadrobe.combinationsUtil(Wadrobe.java:40)
	at Wadrobe.combinationsUtil(Wadrobe.java:40)
	at Wadrobe.combinationsUtil(Wadrobe.java:40)
	at Wadrobe.combinationsUtil(Wadrobe.java:40)
	at Wadrobe.combinationsUtil(Wadrobe.java:40)
	at Wadrobe.combinationsUtil(Wadrobe.java:40)
	at Wadrobe.combinationsUtil(Wadrobe.java:40)
	at Wadrobe.combinationsUtil(Wadrobe.java:40)
	at Wadrobe.combinationsUtil(Wadrobe.java:40)
	at Wadrobe.combinationsUtil(Wadrobe.java:40)
	at Wadrobe.combinationsUtil(Wadrobe.java:40)
	at Wadrobe.combinationsUtil(Wadrobe.java:40)
	at Wadrobe.combinationsUtil(Wadrobe.java:40)
	at Wadrobe.combinationsUtil(Wadrobe.java:40)
	at Wadrobe.combinationsUtil(Wadrobe.java:40)
	at Wadrobe.combinationsUtil(Wadrobe.java:40)
	at Wadrobe.combinationsUtil(Wadrobe.java:40)
	at Wadrobe.combinationsUtil(Wadrobe.java:40)
	at Wadrobe.combinationsUtil(Wadrobe.java:40)
	at Wadrobe.combinationsUtil(Wadrobe.java:40)
	at Wadrobe.combinationsUtil(Wadrobe.java:40)
	at Wadrobe.combinationsUtil(Wadrobe.java:40)
	at Wadrobe.combinationsUtil(Wadrobe.java:40)
	at Wadrobe.combinationsUtil(Wadrobe.java:40)
	at Wadrobe.combinationsUtil(Wadrobe.java:40)
	at Wadrobe.combinationsUtil(Wadrobe.java:40)
	at Wadrobe.combinationsUtil(Wadrobe.java:40)
	at Wadrobe.combinationsUtil(Wadrobe.java:40)
	at Wadrobe.combinationsUtil(Wadrobe.java:40)
	at Wadrobe.combinationsUtil(Wadrobe.java:40)
	at Wadrobe.combinationsUtil(Wadrobe.java:40)
	at Wadrobe.combinationsUtil(Wadrobe.java:40)
	at Wadrobe.combinationsUtil(Wadrobe.java:40)
	at Wadrobe.combinationsUtil(Wadrobe.java:40)
	at Wadrobe.combinationsUtil(Wadrobe.java:40)
	at Wadrobe.combinationsUtil(Wadrobe.java:40)
	at Wadrobe.combinationsUtil(Wadrobe.java:40)
	at Wadrobe.combinationsUtil(Wadrobe.java:40)
	at Wadrobe.combinationsUtil(Wadrobe.java:40)
	at Wadrobe.combinationsUtil(Wadrobe.java:40)
	at Wadrobe.combinationsUtil(Wadrobe.java:40)
	at Wadrobe.combinationsUtil(Wadrobe.java:40)
	at Wadrobe.combinationsUtil(Wadrobe.java:40)
	at Wadrobe.combinationsUtil(Wadrobe.java:40)
	at Wadrobe.combinationsUtil(Wadrobe.java:40)
	at Wadrobe.combinationsUtil(Wadrobe.java:40)
	at Wadrobe.combinationsUtil(Wadrobe.java:40)
	at Wadrobe.combinationsUtil(Wadrobe.java:40)
	at Wadrobe.combinationsUtil(Wadrobe.java:40)
	at Wadrobe.combinationsUtil(Wadrobe.java:40)
	at Wadrobe.combinationsUtil(Wadrobe.java:40)
	at Wadrobe.combinationsUtil(Wadrobe.java:40)
	at Wadrobe.combinationsUtil(Wadrobe.java:40)
	at Wadrobe.combinationsUtil(Wadrobe.java:40)
	at Wadrobe.combinationsUtil(Wadrobe.java:40)
	at Wadrobe.combinationsUtil(Wadrobe.java:40)
	at Wadrobe.combinationsUtil(Wadrobe.java:40)
	at Wadrobe.combinationsUtil(Wadrobe.java:40)
	at Wadrobe.combinationsUtil(Wadrobe.java:40)
	at Wadrobe.combinationsUtil(Wadrobe.java:40)
	at Wadrobe.combinationsUtil(Wadrobe.java:40)
	at Wadrobe.combinationsUtil(Wadrobe.java:40)
	at Wadrobe.combinationsUtil(Wadrobe.java:40)
	at Wadrobe.combinationsUtil(Wadrobe.java:40)
	at Wadrobe.combinationsUtil(Wadrobe.java:40)
	at Wadrobe.combinationsUtil(Wadrobe.java:40)
	at Wadrobe.combinationsUtil(Wadrobe.java:40)
	at Wadrobe.combinationsUtil(Wadrobe.java:40)
	at Wadrobe.combinationsUtil(Wadrobe.java:40)
	at Wadrobe.combinationsUtil(Wadrobe.java:40)
	at Wadrobe.combinationsUtil(Wadrobe.java:40)
	at Wadrobe.combinationsUtil(Wadrobe.java:40)
	at Wadrobe.combinationsUtil(Wadrobe.java:40)
	at Wadrobe.combinationsUtil(Wadrobe.java:40)
	at Wadrobe.combinationsUtil(Wadrobe.java:40)
	at Wadrobe.combinationsUtil(Wadrobe.java:40)
	at Wadrobe.combinationsUtil(Wadrobe.java:40)
	at Wadrobe.combinationsUtil(Wadrobe.java:40)
	at Wadrobe.combinationsUtil(Wadrobe.java:40)
	at Wadrobe.combinationsUtil(Wadrobe.java:40)
	at Wadrobe.combinationsUtil(Wadrobe.java:40)
	at Wadrobe.combinationsUtil(Wadrobe.java:40)
	at Wadrobe.combinationsUtil(Wadrobe.java:40)
	at Wadrobe.combinationsUtil(Wadrobe.java:40)
	at Wadrobe.combinationsUtil(Wadrobe.java:40)
	at Wadrobe.combinationsUtil(Wadrobe.java:40)
	at Wadrobe.combinationsUtil(Wadrobe.java:40)
	at Wadrobe.combinationsUtil(Wadrobe.java:40)
	at Wadrobe.combinationsUtil(Wadrobe.java:40)
	at Wadrobe.combinationsUtil(Wadrobe.java:40)
	at Wadrobe.combinationsUtil(Wadrobe.java:40)
	at Wadrobe.combinationsUtil(Wadrobe.java:40)
	at Wadrobe.combinationsUtil(Wadrobe.java:40)
	at Wadrobe.combinationsUtil(Wadrobe.java:40)
	at Wadrobe.combinationsUtil(Wadrobe.java:40)
	at Wadrobe.combinationsUtil(Wadrobe.java:40)
	at Wadrobe.combinationsUtil(Wadrobe.java:40)
	at Wadrobe.combinationsUtil(Wadrobe.java:40)
	at Wadrobe.combinationsUtil(Wadrobe.java:40)
	at Wadrobe.combinationsUtil(Wadrobe.java:40)
	at Wadrobe.combinationsUtil(Wadrobe.java:40)
	at Wadrobe.combinationsUtil(Wadrobe.java:40)
	at Wadrobe.combinationsUtil(Wadrobe.java:40)
	at Wadrobe.combinationsUtil(Wadrobe.java:40)
	at Wadrobe.combinationsUtil(Wadrobe.java:40)
	at Wadrobe.combinationsUtil(Wadrobe.java:40)
	at Wadrobe.combinationsUtil(Wadrobe.java:40)
	at Wadrobe.combinationsUtil(Wadrobe.java:40)
	at Wadrobe.combinationsUtil(Wadrobe.java:40)
	at Wadrobe.combinationsUtil(Wadrobe.java:40)
	at Wadrobe.combinationsUtil(Wadrobe.java:40)
	at Wadrobe.combinationsUtil(Wadrobe.java:40)
	at Wadrobe.combinationsUtil(Wadrobe.java:40)
	at Wadrobe.combinationsUtil(Wadrobe.java:40)
	at Wadrobe.combinationsUtil(Wadrobe.java:40)
	at Wadrobe.combinationsUtil(Wadrobe.java:40)
	at Wadrobe.combinationsUtil(Wadrobe.java:40)
	at Wadrobe.combinationsUtil(Wadrobe.java:40)
	at Wadrobe.combinationsUtil(Wadrobe.java:40)
	at Wadrobe.combinationsUtil(Wadrobe.java:40)
	at Wadrobe.combinationsUtil(Wadrobe.java:40)
	at Wadrobe.combinationsUtil(Wadrobe.java:40)
	at Wadrobe.combinationsUtil(Wadrobe.java:40)
	at Wadrobe.combinationsUtil(Wadrobe.java:40)
	at Wadrobe.combinationsUtil(Wadrobe.java:40)
	at Wadrobe.combinationsUtil(Wadrobe.java:40)
	at Wadrobe.combinationsUtil(Wadrobe.java:40)
	at Wadrobe.combinationsUtil(Wadrobe.java:40)
	at Wadrobe.combinationsUtil(Wadrobe.java:40)
	at Wadrobe.combinationsUtil(Wadrobe.java:40)
	at Wadrobe.combinationsUtil(Wadrobe.java:40)
	at Wadrobe.combinationsUtil(Wadrobe.java:40)
	at Wadrobe.combinationsUtil(Wadrobe.java:40)
	at Wadrobe.combinationsUtil(Wadrobe.java:40)
	at Wadrobe.combinationsUtil(Wadrobe.java:40)
	at Wadrobe.combinationsUtil(Wadrobe.java:40)
	at Wadrobe.combinationsUtil(Wadrobe.java:40)
	at Wadrobe.combinationsUtil(Wadrobe.java:40)
	at Wadrobe.combinationsUtil(Wadrobe.java:40)
	at Wadrobe.combinationsUtil(Wadrobe.java:40)
	at Wadrobe.combinationsUtil(Wadrobe.java:40)
	at Wadrobe.combinationsUtil(Wadrobe.java:40)
	at Wadrobe.combinationsUtil(Wadrobe.java:40)
	at Wadrobe.combinationsUtil(Wadrobe.java:40)
	at Wadrobe.combinationsUtil(Wadrobe.java:40)
	at Wadrobe.combinationsUtil(Wadrobe.java:40)
	at Wadrobe.combinationsUtil(Wadrobe.java:40)
	at Wadrobe.combinationsUtil(Wadrobe.java:40)
	at Wadrobe.combinationsUtil(Wadrobe.java:40)
	at Wadrobe.combinationsUtil(Wadrobe.java:40)
	at Wadrobe.combinationsUtil(Wadrobe.java:40)
	at Wadrobe.combinationsUtil(Wadrobe.java:40)
	at Wadrobe.combinationsUtil(Wadrobe.java:40)
	at Wadrobe.combinationsUtil(Wadrobe.java:40)
	at Wadrobe.combinationsUtil(Wadrobe.java:40)
	at Wadrobe.combinationsUtil(Wadrobe.java:40)
	at Wadrobe.combinationsUtil(Wadrobe.java:40)
	at Wadrobe.combinationsUtil(Wadrobe.java:40)
	at Wadrobe.combinationsUtil(Wadrobe.java:40)
	at Wadrobe.combinationsUtil(Wadrobe.java:40)
	at Wadrobe.combinationsUtil(Wadrobe.java:40)
	at Wadrobe.combinationsUtil(Wadrobe.java:40)
	at Wadrobe.combinationsUtil(Wadrobe.java:40)
	at Wadrobe.combinationsUtil(Wadrobe.java:40)
	at Wadrobe.combinationsUtil(Wadrobe.java:40)
	at Wadrobe.combinationsUtil(Wadrobe.java:40)
	at Wadrobe.combinationsUtil(Wadrobe.java:40)
	at Wadrobe.combinationsUtil(Wadrobe.java:40)
	at Wadrobe.combinationsUtil(Wadrobe.java:40)
	at Wadrobe.combinationsUtil(Wadrobe.java:40)
	at Wadrobe.combinationsUtil(Wadrobe.java:40)
	at Wadrobe.combinationsUtil(Wadrobe.java:40)
	at Wadrobe.combinationsUtil(Wadrobe.java:40)
	at Wadrobe.combinationsUtil(Wadrobe.java:40)
	at Wadrobe.combinationsUtil(Wadrobe.java:40)
	at Wadrobe.combinationsUtil(Wadrobe.java:40)
	at Wadrobe.combinationsUtil(Wadrobe.java:40)
	at Wadrobe.combinationsUtil(Wadrobe.java:40)
	at Wadrobe.combinationsUtil(Wadrobe.java:40)
	at Wadrobe.combinationsUtil(Wadrobe.java:40)
	at Wadrobe.combinationsUtil(Wadrobe.java:40)
	at Wadrobe.combinationsUtil(Wadrobe.java:40)
	at Wadrobe.combinationsUtil(Wadrobe.java:40)
	at Wadrobe.combinationsUtil(Wadrobe.java:40)
	at Wadrobe.combinationsUtil(Wadrobe.java:40)
	at Wadrobe.combinationsUtil(Wadrobe.java:40)
	at Wadrobe.combinationsUtil(Wadrobe.java:40)
	at Wadrobe.combinationsUtil(Wadrobe.java:40)
	at Wadrobe.combinationsUtil(Wadrobe.java:40)
	at Wadrobe.combinationsUtil(Wadrobe.java:40)
	at Wadrobe.combinationsUtil(Wadrobe.java:40)
	at Wadrobe.combinationsUtil(Wadrobe.java:40)
	at Wadrobe.combinationsUtil(Wadrobe.java:40)
	at Wadrobe.combinationsUtil(Wadrobe.java:40)
	at Wadrobe.combinationsUtil(Wadrobe.java:40)
	at Wadrobe.combinationsUtil(Wadrobe.java:40)
	at Wadrobe.combinationsUtil(Wadrobe.java:40)
	at Wadrobe.combinationsUtil(Wadrobe.java:40)
	at Wadrobe.combinationsUtil(Wadrobe.java:40)
	at Wadrobe.combinationsUtil(Wadrobe.java:40)
	at Wadrobe.combinationsUtil(Wadrobe.java:40)
	at Wadrobe.combinationsUtil(Wadrobe.java:40)
	at Wadrobe.combinationsUtil(Wadrobe.java:40)
	at Wadrobe.combinationsUtil(Wadrobe.java:40)
	at Wadrobe.combinationsUtil(Wadrobe.java:40)
	at Wadrobe.combinationsUtil(Wadrobe.java:40)
	at Wadrobe.combinationsUtil(Wadrobe.java:40)
	at Wadrobe.combinationsUtil(Wadrobe.java:40)
	at Wadrobe.combinationsUtil(Wadrobe.java:40)
	at Wadrobe.combinationsUtil(Wadrobe.java:40)
	at Wadrobe.combinationsUtil(Wadrobe.java:40)
	at Wadrobe.combinationsUtil(Wadrobe.java:40)
	at Wadrobe.combinationsUtil(Wadrobe.java:40)
	at Wadrobe.combinationsUtil(Wadrobe.java:40)
	at Wadrobe.combinationsUtil(Wadrobe.java:40)
	at Wadrobe.combinationsUtil(Wadrobe.java:40)
	at Wadrobe.combinationsUtil(Wadrobe.java:40)
	at Wadrobe.combinationsUtil(Wadrobe.java:40)
	at Wadrobe.combinationsUtil(Wadrobe.java:40)
	at Wadrobe.combinationsUtil(Wadrobe.java:40)
	at Wadrobe.combinationsUtil(Wadrobe.java:40)
	at Wadrobe.combinationsUtil(Wadrobe.java:40)
	at Wadrobe.combinationsUtil(Wadrobe.java:40)
	at Wadrobe.combinationsUtil(Wadrobe.java:40)
	at Wadrobe.combinationsUtil(Wadrobe.java:40)
	at Wadrobe.combinationsUtil(Wadrobe.java:40)
	at Wadrobe.combinationsUtil(Wadrobe.java:40)
	at Wadrobe.combinationsUtil(Wadrobe.java:40)
	at Wadrobe.combinationsUtil(Wadrobe.java:40)
	at Wadrobe.combinationsUtil(Wadrobe.java:40)
	at Wadrobe.combinationsUtil(Wadrobe.java:40)
	at Wadrobe.combinationsUtil(Wadrobe.java:40)
	at Wadrobe.combinationsUtil(Wadrobe.java:40)
	at Wadrobe.combinationsUtil(Wadrobe.java:40)
	at Wadrobe.combinationsUtil(Wadrobe.java:40)
	at Wadrobe.combinationsUtil(Wadrobe.java:40)
	at Wadrobe.combinationsUtil(Wadrobe.java:40)
	at Wadrobe.combinationsUtil(Wadrobe.java:40)
	at Wadrobe.combinationsUtil(Wadrobe.java:40)
	at Wadrobe.combinationsUtil(Wadrobe.java:40)
	at Wadrobe.combinationsUtil(Wadrobe.java:40)
	at Wadrobe.combinationsUtil(Wadrobe.java:40)
	at Wadrobe.combinationsUtil(Wadrobe.java:40)
	at Wadrobe.combinationsUtil(Wadrobe.java:40)
	at Wadrobe.combinationsUtil(Wadrobe.java:40)
	at Wadrobe.combinationsUtil(Wadrobe.java:40)
	at Wadrobe.combinationsUtil(Wadrobe.java:40)
	at Wadrobe.combinationsUtil(Wadrobe.java:40)
	at Wadrobe.combinationsUtil(Wadrobe.java:40)
	at Wadrobe.combinationsUtil(Wadrobe.java:40)
	at Wadrobe.combinationsUtil(Wadrobe.java:40)
	at Wadrobe.combinationsUtil(Wadrobe.java:40)
	at Wadrobe.combinationsUtil(Wadrobe.java:40)
	at Wadrobe.combinationsUtil(Wadrobe.java:40)
	at Wadrobe.combinationsUtil(Wadrobe.java:40)
	at Wadrobe.combinationsUtil(Wadrobe.java:40)
	at Wadrobe.combinationsUtil(Wadrobe.java:40)
	at Wadrobe.combinationsUtil(Wadrobe.java:40)
	at Wadrobe.combinationsUtil(Wadrobe.java:40)
	at Wadrobe.combinationsUtil(Wadrobe.java:40)
	at Wadrobe.combinationsUtil(Wadrobe.java:40)
	at Wadrobe.combinationsUtil(Wadrobe.java:40)
	at Wadrobe.combinationsUtil(Wadrobe.java:40)
	at Wadrobe.combinationsUtil(Wadrobe.java:40)
	at Wadrobe.combinationsUtil(Wadrobe.java:40)
	at Wadrobe.combinationsUtil(Wadrobe.java:40)
	at Wadrobe.combinationsUtil(Wadrobe.java:40)
	at Wadrobe.combinationsUtil(Wadrobe.java:40)
	at Wadrobe.combinationsUtil(Wadrobe.java:40)
	at Wadrobe.combinationsUtil(Wadrobe.java:40)
	at Wadrobe.combinationsUtil(Wadrobe.java:40)
	at Wadrobe.combinationsUtil(Wadrobe.java:40)
	at Wadrobe.combinationsUtil(Wadrobe.java:40)
	at Wadrobe.combinationsUtil(Wadrobe.java:40)
	at Wadrobe.combinationsUtil(Wadrobe.java:40)
	at Wadrobe.combinationsUtil(Wadrobe.java:40)
	at Wadrobe.combinationsUtil(Wadrobe.java:40)
	at Wadrobe.combinationsUtil(Wadrobe.java:40)
	at Wadrobe.combinationsUtil(Wadrobe.java:40)
	at Wadrobe.combinationsUtil(Wadrobe.java:40)
	at Wadrobe.combinationsUtil(Wadrobe.java:40)
	at Wadrobe.combinationsUtil(Wadrobe.java:40)
	at Wadrobe.combinationsUtil(Wadrobe.java:40)
	at Wadrobe.combinationsUtil(Wadrobe.java:40)
	at Wadrobe.combinationsUtil(Wadrobe.java:40)
	at Wadrobe.combinationsUtil(Wadrobe.java:40)
	at Wadrobe.combinationsUtil(Wadrobe.java:40)
	at Wadrobe.combinationsUtil(Wadrobe.java:40)
	at Wadrobe.combinationsUtil(Wadrobe.java:40)
	at Wadrobe.combinationsUtil(Wadrobe.java:40)
	at Wadrobe.combinationsUtil(Wadrobe.java:40)
	at Wadrobe.combinationsUtil(Wadrobe.java:40)
	at Wadrobe.combinationsUtil(Wadrobe.java:40)
	at Wadrobe.combinationsUtil(Wadrobe.java:40)
	at Wadrobe.combinationsUtil(Wadrobe.java:40)
	at Wadrobe.combinationsUtil(Wadrobe.java:40)
	at Wadrobe.combinationsUtil(Wadrobe.java:40)
	at Wadrobe.combinationsUtil(Wadrobe.java:40)
	at Wadrobe.combinationsUtil(Wadrobe.java:40)
	at Wadrobe.combinationsUtil(Wadrobe.java:40)
</failure>
  </testcase>
  <system-out><![CDATA[]]></system-out>
  <system-err><![CDATA[]]></system-err>
</testsuite>
